<?xml version="1.0" encoding="UTF-8"?>
<testng-results ignored="0" total="1" passed="1" failed="0" skipped="0">
  <reporter-output>
  </reporter-output>
  <suite started-at="2021-06-09T11:25:17Z" name="Default suite" finished-at="2021-06-09T11:25:37Z" duration-ms="19948">
    <groups>
      <group name="cucumber">
        <method signature="AbstractTestNGCucumberTests.runScenario(io.cucumber.testng.PickleWrapper, io.cucumber.testng.FeatureWrapper)[pri:0, instance:Runners.TestRunner@4b213651]" name="runScenario" class="io.cucumber.testng.AbstractTestNGCucumberTests"/>
      </group> <!-- cucumber -->
    </groups>
    <test started-at="2021-06-09T11:25:17Z" name="Default test" finished-at="2021-06-09T11:25:37Z" duration-ms="19948">
      <class name="Runners.TestRunner">
        <test-method is-config="true" signature="setUpClass()[pri:0, instance:Runners.TestRunner@4b213651]" started-at="2021-06-09T11:25:17Z" name="setUpClass" finished-at="2021-06-09T11:25:18Z" duration-ms="597" status="PASS">
          <reporter-output>
          </reporter-output>
        </test-method> <!-- setUpClass -->
        <test-method signature="runScenario(io.cucumber.testng.PickleWrapper, io.cucumber.testng.FeatureWrapper)[pri:0, instance:Runners.TestRunner@4b213651]" started-at="2021-06-09T11:25:18Z" name="runScenario" description="Runs Cucumber Scenarios" data-provider="scenarios" finished-at="2021-06-09T11:25:37Z" duration-ms="19203" status="PASS">
          <params>
            <param index="0">
              <value>
                <![CDATA["To check admin able to create trainings"]]>
              </value>
            </param>
            <param index="1">
              <value>
                <![CDATA["Optional[Testing LPGAS Project]"]]>
              </value>
            </param>
          </params>
          <reporter-output>
          </reporter-output>
        </test-method> <!-- runScenario -->
        <test-method is-config="true" signature="tearDownClass()[pri:0, instance:Runners.TestRunner@4b213651]" started-at="2021-06-09T11:25:37Z" name="tearDownClass" finished-at="2021-06-09T11:25:37Z" duration-ms="114" status="PASS">
          <reporter-output>
          </reporter-output>
        </test-method> <!-- tearDownClass -->
      </class> <!-- Runners.TestRunner -->
    </test> <!-- Default test -->
  </suite> <!-- Default suite -->
</testng-results>
